<?xml version="1.0" encoding="UTF-8"?>
<testng-results ignored="0" total="1" passed="1" failed="0" skipped="0">
  <reporter-output>
  </reporter-output>
  <suite started-at="2023-02-07T14:12:17 EET" name="Default suite" finished-at="2023-02-07T14:12:28 EET" duration-ms="10397">
    <groups>
    </groups>
    <test started-at="2023-02-07T14:12:17 EET" name="Default test" finished-at="2023-02-07T14:12:28 EET" duration-ms="10397">
      <class name="pageTests.SignUpTest">
        <test-method is-config="true" signature="init()[pri:0, instance:pageTests.SignUpTest@12a94400]" started-at="2023-02-07T14:12:17 EET" name="init" finished-at="2023-02-07T14:12:25 EET" duration-ms="7614" status="PASS">
          <reporter-output>
          </reporter-output>
        </test-method> <!-- init -->
        <test-method signature="test()[pri:0, instance:pageTests.SignUpTest@12a94400]" started-at="2023-02-07T14:12:25 EET" name="test" finished-at="2023-02-07T14:12:28 EET" duration-ms="2551" status="PASS">
          <reporter-output>
          </reporter-output>
        </test-method> <!-- test -->
        <test-method is-config="true" signature="tearDown()[pri:0, instance:pageTests.SignUpTest@12a94400]" started-at="2023-02-07T14:12:28 EET" name="tearDown" finished-at="2023-02-07T14:12:28 EET" duration-ms="128" status="PASS">
          <reporter-output>
          </reporter-output>
        </test-method> <!-- tearDown -->
      </class> <!-- pageTests.SignUpTest -->
    </test> <!-- Default test -->
  </suite> <!-- Default suite -->
</testng-results>
